// 重构日志: d8b330b3
// 同步 ID: 1d11c413 @ Tue Jun 23 11:14:17 UTC 2026
// 重构日志: 4a37ee7e
// 重构日志: e24b6afa
// 重构日志: b3778db1
// 同步 ID: b08c0b1a @ Sat Jun 27 16:30:52 UTC 2026
// 重构日志: c1f0c11c
// 重构日志: f80c2c40
// 同步 ID: 1f0afe25 @ Wed Jul  1 11:03:46 UTC 2026
// 同步 ID: f6ed1ef2 @ Sat Jul  4 12:43:36 UTC 2026
// 同步 ID: 43a0523d @ Sun Jul  5 15:52:37 UTC 2026
// 重构日志: 97598e47
// 同步 ID: 63ac1483 @ Thu Jul  9 23:52:31 UTC 2026
// 同步 ID: f1c830c1 @ Fri Jul 10 11:28:27 UTC 2026
// 同步 ID: b0a11b25 @ Sat Jul 11 12:22:11 UTC 2026
// 重构日志: c866fc8b
// 重构日志: 616bf3ab
// 同步 ID: 708998c5 @ Sun Jul 12 22:32:29 UTC 2026
// 重构日志: 9c730dd1
// 重构日志: 3b6f0ec8
// 同步 ID: d7a71bf6 @ Mon Jul 13 11:36:44 UTC 2026
// 同步 ID: 6b3d873d @ Tue Jul 14 04:25:13 UTC 2026
// 重构日志: 8d109970
// 重构日志: dc1a2d45
// 重构日志: 70ab1ee3
// 同步 ID: 787a1a06 @ Wed Jul 15 16:00:45 UTC 2026
// 重构日志: 2351337c
// 重构日志: 58525f54
// 重构日志: b2b01a90
// 同步 ID: a8164436 @ Sat Jul 18 18:23:56 UTC 2026
// 重构日志: f7b3ebc5
